[2015-03-22 04:07:13] START
[2015-03-22 04:10:22] EDIT Saludos/controllers/default.py: -5
[2015-03-22 04:15:05] EDIT Saludos/views/default/index.html: -18
[2015-03-22 04:15:24] EDIT Saludos/views/default/index.html: -1
[2015-03-22 04:16:33] EDIT Saludos/controllers/default.py: 0
[2015-03-22 04:16:57] EDIT Saludos/views/default/index.html: -1
[2015-03-22 04:17:52] EDIT Saludos/views/default/index.html: -1
[2015-03-22 04:18:00] EDIT Saludos/views/default/index.html: 0
[2015-03-22 04:18:33] EDIT Saludos/views/default/index.html: -1
[2015-03-22 04:18:58] EDIT Saludos/views/default/index.html: 0
[2015-03-22 04:19:45] EDIT Saludos/controllers/default.py: 1
[2015-03-22 04:20:11] EDIT Saludos/views/default/index.html: 0
[2015-03-22 04:21:56] EDIT Saludos/views/default/index.html: 0
[2015-03-22 04:23:06] EDIT Saludos/controllers/default.py: -1
[2015-03-22 04:25:42] EDIT Saludos/controllers/default.py: -42
[2015-03-22 04:39:28] EDIT Saludos/views/default/index.html: 2
[2015-03-22 04:39:35] EDIT Saludos/views/default/index.html: -1
[2015-03-22 04:41:14] EDIT Saludos/views/default/index.html: -1
[2015-03-22 04:41:17] EDIT Saludos/views/default/index.html: 0
[2015-03-22 04:49:11] CREATE First.py: 0
[2015-03-22 04:49:22] EDIT Saludos/controllers/First.py: 1
[2015-03-22 04:52:03] DELETE Saludos/controllers/First.py: -2
[2015-03-22 04:52:20] CREATE first.html: 0
[2015-03-22 04:52:34] DELETE Saludos/views/first.html: -3
[2015-03-22 04:52:52] CREATE login.py: 0
[2015-03-22 04:53:21] CREATE login/first.html: 0
[2015-03-22 04:53:58] EDIT Saludos/views/login/first.html: 3
[2015-03-22 04:55:03] EDIT Saludos/controllers/login.py: 1
[2015-03-22 04:56:04] EDIT Saludos/controllers/login.py: 0
[2015-03-22 04:57:47] EDIT Saludos/views/login/first.html: 0
[2015-03-22 04:58:54] EDIT Saludos/controllers/login.py: 2
[2015-03-22 04:59:14] CREATE login/second.html: 0
[2015-03-22 04:59:25] EDIT Saludos/views/login/second.html: -1
[2015-03-22 04:59:27] EDIT Saludos/controllers/login.py: 0
[2015-03-22 04:59:38] EDIT Saludos/views/login/first.html: 0
[2015-03-22 04:59:59] EDIT Saludos/views/login/first.html: 0
[2015-03-22 05:00:18] EDIT Saludos/views/login/first.html: 1
[2015-03-22 05:25:38] DELETE Saludos/controllers/login.py: -4
[2015-03-22 05:25:48] DELETE Saludos/views/login/first.html: -7
[2015-03-22 05:25:56] DELETE Saludos/views/login/second.html: -2
[2015-03-22 05:26:56] CREATE login.py: 0
[2015-03-22 05:27:26] EDIT Saludos/controllers/login.py: 1
[2015-03-22 05:27:41] CREATE login/index.html: 0
[2015-03-22 05:30:16] EDIT Saludos/views/login/index.html: 12
[2015-03-22 05:30:38] EDIT Saludos/controllers/login.py: 0
[2015-03-22 05:31:09] EDIT Saludos/controllers/login.py: 0
[2015-03-22 05:31:46] EDIT Saludos/views/login/index.html: 0
[2015-03-22 06:11:08] EDIT Saludos/controllers/login.py: 3
[2015-03-22 06:11:58] EDIT Saludos/views/login/index.html: -6
[2015-03-22 06:17:13] EDIT Saludos/controllers/login.py: 0
[2015-03-22 06:17:44] EDIT Saludos/controllers/login.py: 0
[2015-03-22 06:19:15] EDIT Saludos/views/login/index.html: 2
[2015-03-22 06:19:41] EDIT Saludos/views/login/index.html: -2
[2015-03-22 06:20:04] EDIT Saludos/controllers/login.py: 0
[2015-03-22 06:22:14] EDIT Saludos/views/login/index.html: 2
[2015-03-22 06:23:20] EDIT Saludos/controllers/login.py: 0
[2015-03-22 06:23:37] EDIT Saludos/controllers/login.py: 0
[2015-03-22 06:26:22] EDIT Saludos/controllers/login.py: 0
[2015-03-22 06:26:39] EDIT Saludos/controllers/login.py: 0
[2015-03-22 06:30:45] EDIT Saludos/controllers/login.py: 9
[2015-03-22 06:32:06] EDIT Saludos/controllers/login.py: 0
[2015-03-22 06:32:26] CREATE login/adentro.html: 0
[2015-03-22 06:32:57] EDIT Saludos/views/login/index.html: -1
[2015-03-22 06:33:14] EDIT Saludos/views/login/adentro.html: -1
[2015-03-22 06:34:25] EDIT Saludos/controllers/login.py: 0
[2015-03-22 06:34:51] EDIT Saludos/controllers/login.py: 0
[2015-03-22 06:35:06] EDIT Saludos/views/login/index.html: -1
[2015-03-22 06:37:18] EDIT Saludos/controllers/login.py: 0
[2015-03-22 06:37:40] EDIT Saludos/controllers/login.py: 0
[2015-03-22 06:38:27] EDIT Saludos/controllers/login.py: 0
[2015-03-22 06:38:49] EDIT Saludos/controllers/login.py: 0
[2015-03-22 06:39:36] EDIT Saludos/controllers/login.py: 0
[2015-03-22 06:40:00] EDIT Saludos/controllers/login.py: 2
[2015-03-22 06:40:38] EDIT Saludos/controllers/login.py: 2
[2015-03-22 06:43:20] EDIT Saludos/controllers/login.py: 0
[2015-03-22 06:43:33] EDIT Saludos/controllers/login.py: 0
[2015-03-22 06:53:18] EDIT Saludos/controllers/login.py: 1
[2015-03-22 06:53:58] EDIT Saludos/controllers/login.py: 2
[2015-03-22 06:54:33] EDIT Saludos/controllers/login.py: 0
[2015-03-22 06:54:58] EDIT Saludos/controllers/login.py: 0
[2015-03-22 06:59:05] EDIT Saludos/controllers/login.py: 0
[2015-03-22 06:59:23] EDIT Saludos/controllers/login.py: 0
[2015-03-22 06:59:46] EDIT Saludos/controllers/login.py: 0
[2015-03-22 07:02:29] EDIT Saludos/controllers/login.py: 1
[2015-03-22 07:04:02] EDIT Saludos/controllers/login.py: 1
[2015-03-22 07:04:41] EDIT Saludos/controllers/login.py: 0
[2015-03-22 07:05:00] EDIT Saludos/controllers/login.py: -1
[2015-03-22 07:05:26] EDIT Saludos/controllers/login.py: 0
[2015-03-22 07:05:41] EDIT Saludos/controllers/login.py: 0
[2015-03-22 07:06:11] EDIT Saludos/controllers/login.py: 1
[2015-03-22 07:07:44] EDIT Saludos/controllers/login.py: -2
[2015-03-22 07:08:22] EDIT Saludos/controllers/login.py: 2
[2015-03-22 07:08:25] EDIT Saludos/controllers/login.py: 0
[2015-03-22 07:08:57] CREATE login/twitter.html: 0
[2015-03-22 07:09:02] EDIT Saludos/views/login/twitter.html: 6
[2015-03-22 07:09:31] EDIT Saludos/views/login/index.html: 0
[2015-03-22 07:09:46] EDIT Saludos/views/login/index.html: 0
[2015-03-22 07:10:14] EDIT Saludos/views/login/index.html: 2
[2015-03-22 07:10:18] EDIT Saludos/views/login/index.html: 0
[2015-03-22 07:11:05] EDIT Saludos/controllers/login.py: 0
[2015-03-22 07:12:06] EDIT Saludos/views/login/index.html: 0
[2015-03-22 07:12:21] EDIT Saludos/views/login/index.html: 0
[2015-03-22 07:12:59] EDIT Saludos/views/login/index.html: 0
[2015-03-22 07:13:34] EDIT Saludos/views/login/twitter.html: 1
[2015-03-22 07:14:19] EDIT Saludos/views/login/twitter.html: 0
[2015-03-22 07:16:11] EDIT Saludos/views/login/index.html: 6
[2015-03-22 07:16:37] EDIT Saludos/views/login/index.html: 4
[2015-03-22 07:20:38] EDIT Saludos/views/login/index.html: 1
[2015-03-22 07:21:14] EDIT Saludos/views/login/index.html: 0
[2015-03-22 07:21:33] CREATE login/facebook.html: 0
[2015-03-22 07:22:08] EDIT Saludos/controllers/login.py: 17
[2015-03-22 07:22:30] EDIT Saludos/views/login/index.html: 0
[2015-03-22 07:22:42] EDIT Saludos/views/login/index.html: 0
[2015-03-22 07:22:58] EDIT Saludos/views/login/index.html: 0
[2015-03-22 07:23:48] EDIT Saludos/views/login/facebook.html: 7
